<?xml version="1.0" encoding="UTF-8"?>
<testsuite name="MyCode.TesttTCPfirstprj27_v2Commented" tests="2" skipped="0" failures="0" errors="0" timestamp="2026-09-22T14:36:18" hostname="runnervmlun5p" time="0.02">
  <properties/>
  <testcase name="test1Tcp" classname="MyCode.TesttTCPfirstprj27_v2Commented" time="0.005"/>
  <testcase name="test1Coap" classname="MyCode.TesttTCPfirstprj27_v2Commented" time="0.015"/>
  <system-out><![CDATA[?[33m               %%% sysUtil | loadheory  firstprj27.pl?[0m
?[33m               %%% sysUtil | loadheory  sysRules.pl?[0m
?[35m               %%% sysUtil +++ createContexts ctxfirstprj27?[0m
?[33m               %%% CoapResourceCtx ctxfirstprj27 | created AFTER INIT ?[0m
		?[31mtcpSrv | costruct ERROR: Address already in use?[0m
               %%% QakContext ctxfirstprj27 |  serverCoap error: None of the server endpoints could be started
?[36m               %%% sysUtil | INJECTION ctxsMap.put ctxfirstprj27 mqttAddr=?[0m
?[31mtcpSrv | probably socket closed: Cannot invoke "java.net.ServerSocket.accept()" because "this.serversock" is null?[0m
?[33m               %%% CoapResourceCtx ctxfirstprj27 | created AFTER INIT ?[0m
		?[31mtcpSrv | costruct ERROR: Address already in use?[0m
               %%% QakContext ctxfirstprj27 |  serverCoap error: None of the server endpoints could be started
?[36m               %%% sysUtil | INJECTION ctxsMap.put ctxfirstprj27 mqttAddr=?[0m
?[31mtcpSrv | probably socket closed: Cannot invoke "java.net.ServerSocket.accept()" because "this.serversock" is null?[0m
?[33m               sysUtil  | createActor class for it.unibo.a.A   class it.unibo.a.A?[0m
?[33m               sysUtil  | createActor class for it.unibo.a.A   class it.unibo.a.A?[0m
?[35mclear log ./logs/app_firstprj27.log ---- ?[0m
?[34ma - waiting for some request ...?[0m
?[33m               sysUtil  | createActor class for it.unibo.a.A   class it.unibo.a.A?[0m
?[35mclear log ./logs/app_firstprj27.log ---- ?[0m
?[34ma - waiting for some request ...?[0m
?[33m               sysUtil  | createActor class for it.unibo.a.A   class it.unibo.a.A?[0m
?[35mclear log ./logs/app_firstprj27.log ---- ?[0m
?[34ma - waiting for some request ...?[0m
?[33m               sysUtil  | createActor class for it.unibo.a.A   class it.unibo.a.A?[0m
?[35mclear log ./logs/app_firstprj27.log ---- ?[0m
?[34ma - waiting for some request ...?[0m
?[32m               %%%  ActorBasic a | waiting for context ...?[0m
?[33m               sysUtil  | createActor class for it.unibo.a.A   class it.unibo.a.A?[0m
?[32m               %%%  ActorBasic a | waiting for context ...?[0m
?[35mclear log ./logs/app_firstprj27.log ---- ?[0m
?[34ma - waiting for some request ...?[0m
?[35mclear log ./logs/app_firstprj27.log ---- ?[0m
?[34ma - waiting for some request ...?[0m
?[35mTesttfirstprj27  | start the (micro)service - MQTT:false?[0m
?[32m======================= test1Tcp  ?[0m
?[32mtest1Tcp req=mmsg(evalfun,request,tester,a,arg(0),0)?[0m
?[33m    --- ConnectionFactory | create tcp port:8120?[0m
?[33mtcpSrv | TcpServer 8120 accepted connection on 56638 with userDefHandler=ctxfirstprj27MsgH thname=tcpSrv?[0m
?[33m| docall=mmsg(evalfun,request,tester,a,arg(0),0)?[0m
?[34ma - for 0 ?[0m
?[34ma - answer 0.0 for 0 ?[0m
?[33m| docall answer=msg(evalreply,reply,a,tester,value(0.0),35)?[0m
?[34ma - waiting for some request ...?[0m
?[32mtest1Tcp result=value(0.0)?[0m
?[35mTesttfirstprj27 | down?[0m
?[32mTesttfirstprj27.java test1Coap  ?[0m
?[32mtest1Coap request=mmsg(evalfun,request,tester,a,arg(1.5707963267948966),0)?[0m
?[33m    --- ConnectionFactory | create coap conn localhost:8120 entry=ctxfirstprj27/a?[0m
?[33m| docall=mmsg(evalfun,request,tester,a,arg(1.5707963267948966),0)?[0m
?[34ma - for 1.5707963267948966 ?[0m
?[34ma - answer 1.0 for 1.5707963267948966 ?[0m
?[34ma - waiting for some request ...?[0m
?[33m| docall answer=msg(evalreply,reply,a,tester,value(1.0),38)?[0m
?[32mtest1Coap result=value(1.0)?[0m
?[35mTesttfirstprj27 | down?[0m
]]></system-out>
  <system-err><![CDATA[]]></system-err>
</testsuite>
